
15/11/2020 16:06:33 - Accediendo a la página home - 
15/11/2020 16:07:57 - Accediendo a la página home - 
15/11/2020 16:08:28 - Accediendo a la página home - ::1
15/11/2020 16:08:52 - Accediendo a la página home - ::1
15/11/2020 16:09:09 - Accediendo a la página home - ::1
15/11/2020 16:12:43 - Accediendo a la página home - 
15/11/2020 16:13:18 - Accediendo a la página home - 
15/11/2020 16:14:54 - Accediendo a la página home - 
15/11/2020 16:15:40 - Accediendo a la página home - ::1
15/11/2020 16:15:57 - Accediendo a la página home - 
15/11/2020 16:17:05 - Accediendo a la página home - ::1
15/11/2020 16:25:34 - Página home visitada - ::1
15/11/2020 16:26:18 - El coder con id: 47 ha sido guardado - ::1
15/11/2020 16:27:05 - Suprimido el coder con la siguiente id: 22 - ::1
15/11/2020 16:28:02 - Intentando modificar el coder número 35 de la base de datos. - ::1
15/11/2020 16:37:27 - Página home visitada - ::1
15/11/2020 16:39:42 - Página home visitada - ::1
15/11/2020 16:40:06 - Página home visitada - ::1
17/11/2020 14:26:14 - Página home visitada - ::1
18/11/2020 10:54:44 - Página home visitada - ::1